# JRE version: Java(TM) SE Runtime Environment (13.0.2+8) (build 13.0.2+8)
# Java VM: Java HotSpot(TM) 64-Bit Server VM (13.0.2+8, mixed mode, sharing, tiered, compressed oops, g1 gc, windows-amd64)
Heap:
 garbage-first heap   total 82944K, used 35049K [0x00000000c1800000, 0x0000000100000000)
  region size 1024K, 7 young (7168K), 1 survivors (1024K)
 Metaspace       used 26490K, capacity 27257K, committed 27388K, reserved 1073152K
  class space    used 2907K, capacity 3239K, committed 3324K, reserved 1048576K
GC Heap History (20 events):
Event: 3.627 GC heap before
{Heap before GC invocations=3 (full 0):
 garbage-first heap   total 65536K, used 42171K [0x00000000c1800000, 0x0000000100000000)
  region size 1024K, 38 young (38912K), 5 survivors (5120K)
 Metaspace       used 13199K, capacity 14895K, committed 15104K, reserved 1062912K
  class space    used 1506K, capacity 1756K, committed 1792K, reserved 1048576K
}
Event: 3.651 GC heap after
{Heap after GC invocations=4 (full 0):
 garbage-first heap   total 65536K, used 13660K [0x00000000c1800000, 0x0000000100000000)
  region size 1024K, 5 young (5120K), 5 survivors (5120K)
 Metaspace       used 13199K, capacity 14895K, committed 15104K, reserved 1062912K
  class space    used 1506K, capacity 1756K, committed 1792K, reserved 1048576K
}
Event: 4.734 GC heap before
{Heap before GC invocations=4 (full 0):
 garbage-first heap   total 65536K, used 46428K [0x00000000c1800000, 0x0000000100000000)
  region size 1024K, 37 young (37888K), 5 survivors (5120K)
 Metaspace       used 14150K, capacity 15708K, committed 16000K, reserved 1062912K
  class space    used 1588K, capacity 1834K, committed 1920K, reserved 1048576K
}
Event: 4.752 GC heap after
{Heap after GC invocations=5 (full 0):
 garbage-first heap   total 78848K, used 16091K [0x00000000c1800000, 0x0000000100000000)
  region size 1024K, 3 young (3072K), 3 survivors (3072K)
 Metaspace       used 14150K, capacity 15708K, committed 16000K, reserved 1062912K
  class space    used 1588K, capacity 1834K, committed 1920K, reserved 1048576K
}
Event: 6.002 GC heap before
{Heap before GC invocations=5 (full 0):
 garbage-first heap   total 78848K, used 52955K [0x00000000c1800000, 0x0000000100000000)
  region size 1024K, 39 young (39936K), 3 survivors (3072K)
 Metaspace       used 17793K, capacity 19055K, committed 19200K, reserved 1067008K
  class space    used 1971K, capacity 2255K, committed 2304K, reserved 1048576K
}
Event: 6.011 GC heap after
{Heap after GC invocations=6 (full 0):
 garbage-first heap   total 78848K, used 18857K [0x00000000c1800000, 0x0000000100000000)
  region size 1024K, 3 young (3072K), 3 survivors (3072K)
 Metaspace       used 17793K, capacity 19055K, committed 19200K, reserved 1067008K
  class space    used 1971K, capacity 2255K, committed 2304K, reserved 1048576K
}
Event: 6.107 GC heap before
{Heap before GC invocations=6 (full 0):
 garbage-first heap   total 78848K, used 19881K [0x00000000c1800000, 0x0000000100000000)
  region size 1024K, 5 young (5120K), 3 survivors (3072K)
 Metaspace       used 20041K, capacity 21229K, committed 21248K, reserved 1069056K
  class space    used 2279K, capacity 2554K, committed 2560K, reserved 1048576K
}
Event: 6.114 GC heap after
{Heap after GC invocations=7 (full 0):
 garbage-first heap   total 78848K, used 18878K [0x00000000c1800000, 0x0000000100000000)
  region size 1024K, 3 young (3072K), 3 survivors (3072K)
 Metaspace       used 20041K, capacity 21229K, committed 21248K, reserved 1069056K
  class space    used 2279K, capacity 2554K, committed 2560K, reserved 1048576K
}
Event: 7.805 GC heap before
{Heap before GC invocations=8 (full 0):
 garbage-first heap   total 68608K, used 52670K [0x00000000c1800000, 0x0000000100000000)
  region size 1024K, 36 young (36864K), 3 survivors (3072K)
 Metaspace       used 24179K, capacity 24813K, committed 25084K, reserved 1071104K
  class space    used 2721K, capacity 3021K, committed 3068K, reserved 1048576K
}
Event: 7.827 GC heap after
{Heap after GC invocations=9 (full 0):
 garbage-first heap   total 68608K, used 24256K [0x00000000c1800000, 0x0000000100000000)
  region size 1024K, 5 young (5120K), 5 survivors (5120K)
 Metaspace       used 24179K, capacity 24813K, committed 25084K, reserved 1071104K
  class space    used 2721K, capacity 3021K, committed 3068K, reserved 1048576K
}
Event: 8.390 GC heap before
{Heap before GC invocations=10 (full 0):
 garbage-first heap   total 68608K, used 46784K [0x00000000c1800000, 0x0000000100000000)
  region size 1024K, 28 young (28672K), 5 survivors (5120K)
 Metaspace       used 24265K, capacity 24885K, committed 25084K, reserved 1071104K
  class space    used 2726K, capacity 3023K, committed 3068K, reserved 1048576K
}
Event: 8.408 GC heap after
{Heap after GC invocations=11 (full 0):
 garbage-first heap   total 68608K, used 29061K [0x00000000c1800000, 0x0000000100000000)
  region size 1024K, 4 young (4096K), 4 survivors (4096K)
 Metaspace       used 24265K, capacity 24885K, committed 25084K, reserved 1071104K
  class space    used 2726K, capacity 3023K, committed 3068K, reserved 1048576K
}
Event: 8.917 GC heap before
{Heap before GC invocations=11 (full 0):
 garbage-first heap   total 68608K, used 47493K [0x00000000c1800000, 0x0000000100000000)
  region size 1024K, 23 young (23552K), 4 survivors (4096K)
 Metaspace       used 24298K, capacity 25013K, committed 25084K, reserved 1071104K
  class space    used 2726K, capacity 3023K, committed 3068K, reserved 1048576K
}
Event: 8.928 GC heap after
{Heap after GC invocations=12 (full 0):
 garbage-first heap   total 68608K, used 34607K [0x00000000c1800000, 0x0000000100000000)
  region size 1024K, 3 young (3072K), 3 survivors (3072K)
 Metaspace       used 24298K, capacity 25013K, committed 25084K, reserved 1071104K
  class space    used 2726K, capacity 3023K, committed 3068K, reserved 1048576K
}
Event: 9.428 GC heap before
{Heap before GC invocations=12 (full 0):
 garbage-first heap   total 68608K, used 49967K [0x00000000c1800000, 0x0000000100000000)
  region size 1024K, 18 young (18432K), 3 survivors (3072K)
 Metaspace       used 24809K, capacity 25551K, committed 25724K, reserved 1071104K
  class space    used 2766K, capacity 3090K, committed 3196K, reserved 1048576K
}
Event: 9.438 GC heap after
{Heap after GC invocations=13 (full 0):
 garbage-first heap   total 82944K, used 36901K [0x00000000c1800000, 0x0000000100000000)
  region size 1024K, 2 young (2048K), 2 survivors (2048K)
 Metaspace       used 24809K, capacity 25551K, committed 25724K, reserved 1071104K
  class space    used 2766K, capacity 3090K, committed 3196K, reserved 1048576K
}
Event: 10.435 GC heap before
{Heap before GC invocations=14 (full 0):
 garbage-first heap   total 82944K, used 54309K [0x00000000c1800000, 0x0000000100000000)
  region size 1024K, 21 young (21504K), 2 survivors (2048K)
 Metaspace       used 25624K, capacity 26315K, committed 26492K, reserved 1073152K
  class space    used 2828K, capacity 3138K, committed 3196K, reserved 1048576K
}
Event: 10.445 GC heap after
{Heap after GC invocations=15 (full 0):
 garbage-first heap   total 82944K, used 35247K [0x00000000c1800000, 0x0000000100000000)
  region size 1024K, 2 young (2048K), 2 survivors (2048K)
 Metaspace       used 25624K, capacity 26315K, committed 26492K, reserved 1073152K
  class space    used 2828K, capacity 3138K, committed 3196K, reserved 1048576K
}
Event: 10.470 GC heap before
{Heap before GC invocations=15 (full 0):
 garbage-first heap   total 82944K, used 37295K [0x00000000c1800000, 0x0000000100000000)
  region size 1024K, 4 young (4096K), 2 survivors (2048K)
 Metaspace       used 25626K, capacity 26315K, committed 26492K, reserved 1073152K
  class space    used 2828K, capacity 3138K, committed 3196K, reserved 1048576K
}
Event: 10.486 GC heap after
{Heap after GC invocations=16 (full 0):
 garbage-first heap   total 82944K, used 29929K [0x00000000c1800000, 0x0000000100000000)
  region size 1024K, 1 young (1024K), 1 survivors (1024K)
 Metaspace       used 25626K, capacity 26315K, committed 26492K, reserved 1073152K
  class space    used 2828K, capacity 3138K, committed 3196K, reserved 1048576K
}

