# JRE version: Java(TM) SE Runtime Environment (13.0.2+8) (build 13.0.2+8)
# Java VM: Java HotSpot(TM) 64-Bit Server VM (13.0.2+8, mixed mode, sharing, tiered, compressed oops, g1 gc, windows-amd64)
Heap:
 garbage-first heap   total 78848K, used 55850K [0x00000000c1800000, 0x0000000100000000)
  region size 1024K, 23 young (23552K), 3 survivors (3072K)
 Metaspace       used 26263K, capacity 26934K, committed 27008K, reserved 1073152K
  class space    used 2895K, capacity 3197K, committed 3200K, reserved 1048576K
GC Heap History (20 events):
Event: 0.780 GC heap before
{Heap before GC invocations=0 (full 0):
 garbage-first heap   total 65536K, used 13312K [0x00000000c1800000, 0x0000000100000000)
  region size 1024K, 14 young (14336K), 0 survivors (0K)
 Metaspace       used 3868K, capacity 6972K, committed 7168K, reserved 1056768K
  class space    used 416K, capacity 753K, committed 768K, reserved 1048576K
}
Event: 0.790 GC heap after
{Heap after GC invocations=1 (full 0):
 garbage-first heap   total 65536K, used 3044K [0x00000000c1800000, 0x0000000100000000)
  region size 1024K, 2 young (2048K), 2 survivors (2048K)
 Metaspace       used 3868K, capacity 6972K, committed 7168K, reserved 1056768K
  class space    used 416K, capacity 753K, committed 768K, reserved 1048576K
}
Event: 1.823 GC heap before
{Heap before GC invocations=1 (full 0):
 garbage-first heap   total 65536K, used 39908K [0x00000000c1800000, 0x0000000100000000)
  region size 1024K, 38 young (38912K), 2 survivors (2048K)
 Metaspace       used 8905K, capacity 11199K, committed 11392K, reserved 1058816K
  class space    used 1073K, capacity 1347K, committed 1408K, reserved 1048576K
}
Event: 1.830 GC heap after
{Heap after GC invocations=2 (full 0):
 garbage-first heap   total 65536K, used 4758K [0x00000000c1800000, 0x0000000100000000)
  region size 1024K, 4 young (4096K), 4 survivors (4096K)
 Metaspace       used 8905K, capacity 11199K, committed 11392K, reserved 1058816K
  class space    used 1073K, capacity 1347K, committed 1408K, reserved 1048576K
}
Event: 2.988 GC heap before
{Heap before GC invocations=2 (full 0):
 garbage-first heap   total 65536K, used 39574K [0x00000000c1800000, 0x0000000100000000)
  region size 1024K, 38 young (38912K), 4 survivors (4096K)
 Metaspace       used 12851K, capacity 14599K, committed 14848K, reserved 1062912K
  class space    used 1489K, capacity 1722K, committed 1792K, reserved 1048576K
}
Event: 3.011 GC heap after
{Heap after GC invocations=3 (full 0):
 garbage-first heap   total 65536K, used 8307K [0x00000000c1800000, 0x0000000100000000)
  region size 1024K, 5 young (5120K), 5 survivors (5120K)
 Metaspace       used 12851K, capacity 14599K, committed 14848K, reserved 1062912K
  class space    used 1489K, capacity 1722K, committed 1792K, reserved 1048576K
}
Event: 3.610 GC heap before
{Heap before GC invocations=3 (full 0):
 garbage-first heap   total 65536K, used 42099K [0x00000000c1800000, 0x0000000100000000)
  region size 1024K, 38 young (38912K), 5 survivors (5120K)
 Metaspace       used 13198K, capacity 14895K, committed 15104K, reserved 1062912K
  class space    used 1506K, capacity 1756K, committed 1792K, reserved 1048576K
}
Event: 3.639 GC heap after
{Heap after GC invocations=4 (full 0):
 garbage-first heap   total 65536K, used 13425K [0x00000000c1800000, 0x0000000100000000)
  region size 1024K, 5 young (5120K), 5 survivors (5120K)
 Metaspace       used 13198K, capacity 14895K, committed 15104K, reserved 1062912K
  class space    used 1506K, capacity 1756K, committed 1792K, reserved 1048576K
}
Event: 4.530 GC heap before
{Heap before GC invocations=4 (full 0):
 garbage-first heap   total 65536K, used 46193K [0x00000000c1800000, 0x0000000100000000)
  region size 1024K, 37 young (37888K), 5 survivors (5120K)
 Metaspace       used 13690K, capacity 15291K, committed 15360K, reserved 1062912K
  class space    used 1523K, capacity 1760K, committed 1792K, reserved 1048576K
}
Event: 4.544 GC heap after
{Heap after GC invocations=5 (full 0):
 garbage-first heap   total 80896K, used 16056K [0x00000000c1800000, 0x0000000100000000)
  region size 1024K, 3 young (3072K), 3 survivors (3072K)
 Metaspace       used 13690K, capacity 15291K, committed 15360K, reserved 1062912K
  class space    used 1523K, capacity 1760K, committed 1792K, reserved 1048576K
}
Event: 5.788 GC heap before
{Heap before GC invocations=5 (full 0):
 garbage-first heap   total 80896K, used 50872K [0x00000000c1800000, 0x0000000100000000)
  region size 1024K, 38 young (38912K), 3 survivors (3072K)
 Metaspace       used 20007K, capacity 21163K, committed 21248K, reserved 1069056K
  class space    used 2275K, capacity 2512K, committed 2560K, reserved 1048576K
}
Event: 5.799 GC heap after
{Heap after GC invocations=6 (full 0):
 garbage-first heap   total 80896K, used 18092K [0x00000000c1800000, 0x0000000100000000)
  region size 1024K, 5 young (5120K), 5 survivors (5120K)
 Metaspace       used 20007K, capacity 21163K, committed 21248K, reserved 1069056K
  class space    used 2275K, capacity 2512K, committed 2560K, reserved 1048576K
}
Event: 7.319 GC heap before
{Heap before GC invocations=7 (full 0):
 garbage-first heap   total 65536K, used 51884K [0x00000000c1800000, 0x0000000100000000)
  region size 1024K, 38 young (38912K), 5 survivors (5120K)
 Metaspace       used 24030K, capacity 24616K, committed 24832K, reserved 1071104K
  class space    used 2707K, capacity 2978K, committed 3072K, reserved 1048576K
}
Event: 7.340 GC heap after
{Heap after GC invocations=8 (full 0):
 garbage-first heap   total 65536K, used 23421K [0x00000000c1800000, 0x0000000100000000)
  region size 1024K, 5 young (5120K), 5 survivors (5120K)
 Metaspace       used 24030K, capacity 24616K, committed 24832K, reserved 1071104K
  class space    used 2707K, capacity 2978K, committed 3072K, reserved 1048576K
}
Event: 7.870 GC heap before
{Heap before GC invocations=9 (full 0):
 garbage-first heap   total 65536K, used 46973K [0x00000000c1800000, 0x0000000100000000)
  region size 1024K, 29 young (29696K), 5 survivors (5120K)
 Metaspace       used 24131K, capacity 24688K, committed 24832K, reserved 1071104K
  class space    used 2712K, capacity 2980K, committed 3072K, reserved 1048576K
}
Event: 7.886 GC heap after
{Heap after GC invocations=10 (full 0):
 garbage-first heap   total 65536K, used 28773K [0x00000000c1800000, 0x0000000100000000)
  region size 1024K, 4 young (4096K), 4 survivors (4096K)
 Metaspace       used 24131K, capacity 24688K, committed 24832K, reserved 1071104K
  class space    used 2712K, capacity 2980K, committed 3072K, reserved 1048576K
}
Event: 8.210 GC heap before
{Heap before GC invocations=10 (full 0):
 garbage-first heap   total 65536K, used 47205K [0x00000000c1800000, 0x0000000100000000)
  region size 1024K, 22 young (22528K), 4 survivors (4096K)
 Metaspace       used 24152K, capacity 24816K, committed 25088K, reserved 1071104K
  class space    used 2712K, capacity 2980K, committed 3072K, reserved 1048576K
}
Event: 8.218 GC heap after
{Heap after GC invocations=11 (full 0):
 garbage-first heap   total 78848K, used 33442K [0x00000000c1800000, 0x0000000100000000)
  region size 1024K, 3 young (3072K), 3 survivors (3072K)
 Metaspace       used 24152K, capacity 24816K, committed 25088K, reserved 1071104K
  class space    used 2712K, capacity 2980K, committed 3072K, reserved 1048576K
}
Event: 9.331 GC heap before
{Heap before GC invocations=11 (full 0):
 garbage-first heap   total 78848K, used 55970K [0x00000000c1800000, 0x0000000100000000)
  region size 1024K, 25 young (25600K), 3 survivors (3072K)
 Metaspace       used 25306K, capacity 25960K, committed 26112K, reserved 1073152K
  class space    used 2808K, capacity 3064K, committed 3072K, reserved 1048576K
}
Event: 9.341 GC heap after
{Heap after GC invocations=12 (full 0):
 garbage-first heap   total 78848K, used 36394K [0x00000000c1800000, 0x0000000100000000)
  region size 1024K, 3 young (3072K), 3 survivors (3072K)
 Metaspace       used 25306K, capacity 25960K, committed 26112K, reserved 1073152K
  class space    used 2808K, capacity 3064K, committed 3072K, reserved 1048576K
}

